Arguments: 
  C:\Program Files\nodejs\node.exe C:\Users\King In The North\AppData\Roaming\npm\node_modules\yarn\bin\yarn.js add @nestjs/jwt @nestjs/passport passport passport-jwt

PATH: 
  C:\Users\King In The North\bin;C:\Program Files\Git\mingw64\bin;C:\Program Files\Git\usr\local\bin;C:\Program Files\Git\usr\bin;C:\Program Files\Git\usr\bin;C:\Program Files\Git\mingw64\bin;C:\Program Files\Git\usr\bin;C:\Users\King In The North\bin;C:\Program Files (x86)\NVIDIA Corporation\PhysX\Common;C:\Windows\system32;C:\Windows;C:\Windows\System32\Wbem;C:\Windows\System32\WindowsPowerShell\v1.0;C:\Windows\System32\OpenSSH;C:\Program Files\Git\cmd;C:\Program Files\nodejs;C:\Program Files\Go\bin;C:\Users\King In The North\AppData\Local\Microsoft\WindowsApps;C:\Users\King In The North\AppData\Local\Programs\Microsoft VS Code\bin;C:\Users\King In The North\AppData\Roaming\npm;C:\Users\King In The North\go\bin;.;.;.;.;C:\Program Files\Git\usr\bin\vendor_perl;C:\Program Files\Git\usr\bin\core_perl;.;

Yarn version: 
  1.22.11

Node version: 
  14.17.4

Platform: 
  win32 x64

Trace: 
  Error: getaddrinfo ENOTFOUND registry.yarnpkg.com
      at GetAddrInfoReqWrap.onlookup [as oncomplete] (dns.js:69:26)

npm manifest: 
  {
    "name": "task-api",
    "version": "0.0.1",
    "description": "",
    "author": "",
    "private": true,
    "license": "UNLICENSED",
    "scripts": {
      "prebuild": "rimraf dist",
      "build": "nest build",
      "format": "prettier --write \"src/**/*.ts\" \"test/**/*.ts\"",
      "start": "nest start",
      "start:dev": "nest start --watch",
      "start:debug": "nest start --debug --watch",
      "start:prod": "node dist/main",
      "lint": "eslint \"{src,apps,libs,test}/**/*.ts\" --fix",
      "test": "jest",
      "test:watch": "jest --watch",
      "test:cov": "jest --coverage",
      "test:debug": "node --inspect-brk -r tsconfig-paths/register -r ts-node/register node_modules/.bin/jest --runInBand",
      "test:e2e": "jest --config ./test/jest-e2e.json"
    },
    "dependencies": {
      "@nestjs/common": "^8.0.0",
      "@nestjs/core": "^8.0.0",
      "@nestjs/platform-express": "^8.0.0",
      "@prisma/client": "^2.29.1",
      "bcrypt": "^5.0.1",
      "class-transformer": "^0.4.0",
      "class-validator": "^0.13.1",
      "reflect-metadata": "^0.1.13",
      "rimraf": "^3.0.2",
      "rxjs": "^7.2.0"
    },
    "devDependencies": {
      "@nestjs/cli": "^8.0.0",
      "@nestjs/schematics": "^8.0.0",
      "@nestjs/testing": "^8.0.0",
      "@types/express": "^4.17.13",
      "@types/jest": "^26.0.24",
      "@types/node": "^16.0.0",
      "@types/supertest": "^2.0.11",
      "@typescript-eslint/eslint-plugin": "^4.28.2",
      "@typescript-eslint/parser": "^4.28.2",
      "eslint": "^7.30.0",
      "eslint-config-prettier": "^8.3.0",
      "eslint-plugin-prettier": "^3.4.0",
      "jest": "27.0.6",
      "prettier": "^2.3.2",
      "prisma": "^2.29.1",
      "supertest": "^6.1.3",
      "ts-jest": "^27.0.3",
      "ts-loader": "^9.2.3",
      "ts-node": "^10.0.0",
      "tsconfig-paths": "^3.10.1",
      "typescript": "^4.3.5"
    },
    "jest": {
      "moduleFileExtensions": [
        "js",
        "json",
        "ts"
      ],
      "rootDir": "src",
      "testRegex": ".*\\.spec\\.ts$",
      "transform": {
        "^.+\\.(t|j)s$": "ts-jest"
      },
      "collectCoverageFrom": [
        "**/*.(t|j)s"
      ],
      "coverageDirectory": "../coverage",
      "testEnvironment": "node"
    }
  }

yarn manifest: 
  No manifest

Lockfile: 
  No lockfile
